c:\users\95616\source\repos\qtminiccompiler\qtminiccompiler\x64\debug\qtminiccompiler.obj
c:\users\95616\source\repos\qtminiccompiler\qtminiccompiler\x64\debug\main.obj
c:\users\95616\source\repos\qtminiccompiler\qtminiccompiler\x64\debug\moc_qtminiccompiler.obj
c:\users\95616\source\repos\qtminiccompiler\qtminiccompiler\x64\debug\qrc_qtminiccompiler.obj
c:\users\95616\source\repos\qtminiccompiler\qtminiccompiler\x64\debug\vc142.pdb
c:\users\95616\source\repos\qtminiccompiler\qtminiccompiler\x64\debug\grammarparser.obj
c:\users\95616\source\repos\qtminiccompiler\qtminiccompiler\x64\debug\lexicalscanner.obj
c:\users\95616\source\repos\qtminiccompiler\x64\debug\qtminiccompiler.exe
c:\users\95616\source\repos\qtminiccompiler\x64\debug\qtminiccompiler.ilk
c:\users\95616\source\repos\qtminiccompiler\x64\debug\qtminiccompiler.pdb
c:\users\95616\source\repos\qtminiccompiler\qtminiccompiler\x64\debug\moc\moc_qtminiccompiler.cpp
c:\users\95616\source\repos\qtminiccompiler\qtminiccompiler\x64\debug\uic\ui_qtminiccompiler.h
c:\users\95616\source\repos\qtminiccompiler\qtminiccompiler\x64\debug\rcc\qrc_qtminiccompiler.cpp
c:\users\95616\source\repos\qtminiccompiler\qtminiccompiler\x64\debug\qtminiccompiler.tlog\cl.command.1.tlog
c:\users\95616\source\repos\qtminiccompiler\qtminiccompiler\x64\debug\qtminiccompiler.tlog\cl.read.1.tlog
c:\users\95616\source\repos\qtminiccompiler\qtminiccompiler\x64\debug\qtminiccompiler.tlog\cl.write.1.tlog
c:\users\95616\source\repos\qtminiccompiler\qtminiccompiler\x64\debug\qtminiccompiler.tlog\link.command.1.tlog
c:\users\95616\source\repos\qtminiccompiler\qtminiccompiler\x64\debug\qtminiccompiler.tlog\link.read.1.tlog
c:\users\95616\source\repos\qtminiccompiler\qtminiccompiler\x64\debug\qtminiccompiler.tlog\link.write.1.tlog
c:\users\95616\source\repos\qtminiccompiler\qtminiccompiler\x64\debug\qtminiccompiler.tlog\moc.read.1u.tlog
c:\users\95616\source\repos\qtminiccompiler\qtminiccompiler\x64\debug\qtminiccompiler.tlog\moc.write.1u.tlog
c:\users\95616\source\repos\qtminiccompiler\qtminiccompiler\x64\debug\qtminiccompiler.tlog\qtminiccompiler.write.1u.tlog
c:\users\95616\source\repos\qtminiccompiler\qtminiccompiler\x64\debug\qtminiccompiler.tlog\rcc.read.1u.tlog
c:\users\95616\source\repos\qtminiccompiler\qtminiccompiler\x64\debug\qtminiccompiler.tlog\rcc.write.1u.tlog
c:\users\95616\source\repos\qtminiccompiler\qtminiccompiler\x64\debug\qtminiccompiler.tlog\uic.read.1u.tlog
c:\users\95616\source\repos\qtminiccompiler\qtminiccompiler\x64\debug\qtminiccompiler.tlog\uic.write.1u.tlog
