c:\users\95616\source\repos\qtminiccompiler\qtminiccompiler\x64\release\main.obj
c:\users\95616\source\repos\qtminiccompiler\qtminiccompiler\x64\release\lexicalscanner.obj
c:\users\95616\source\repos\qtminiccompiler\qtminiccompiler\x64\release\grammarparser.obj
c:\users\95616\source\repos\qtminiccompiler\qtminiccompiler\x64\release\moc_qtminiccompiler.obj
c:\users\95616\source\repos\qtminiccompiler\qtminiccompiler\x64\release\qrc_qtminiccompiler.obj
c:\users\95616\source\repos\qtminiccompiler\qtminiccompiler\x64\release\qtminiccompiler.obj
c:\users\95616\source\repos\qtminiccompiler\x64\release\qtminiccompiler.exe
c:\users\95616\source\repos\qtminiccompiler\qtminiccompiler\x64\release\moc\moc_qtminiccompiler.cpp
c:\users\95616\source\repos\qtminiccompiler\qtminiccompiler\x64\release\uic\ui_qtminiccompiler.h
c:\users\95616\source\repos\qtminiccompiler\qtminiccompiler\x64\release\rcc\qrc_qtminiccompiler.cpp
c:\users\95616\source\repos\qtminiccompiler\qtminiccompiler\x64\release\qtminiccompiler.tlog\cl.command.1.tlog
c:\users\95616\source\repos\qtminiccompiler\qtminiccompiler\x64\release\qtminiccompiler.tlog\cl.read.1.tlog
c:\users\95616\source\repos\qtminiccompiler\qtminiccompiler\x64\release\qtminiccompiler.tlog\cl.write.1.tlog
c:\users\95616\source\repos\qtminiccompiler\qtminiccompiler\x64\release\qtminiccompiler.tlog\link.command.1.tlog
c:\users\95616\source\repos\qtminiccompiler\qtminiccompiler\x64\release\qtminiccompiler.tlog\link.read.1.tlog
c:\users\95616\source\repos\qtminiccompiler\qtminiccompiler\x64\release\qtminiccompiler.tlog\link.write.1.tlog
c:\users\95616\source\repos\qtminiccompiler\qtminiccompiler\x64\release\qtminiccompiler.tlog\moc.read.1u.tlog
c:\users\95616\source\repos\qtminiccompiler\qtminiccompiler\x64\release\qtminiccompiler.tlog\moc.write.1u.tlog
c:\users\95616\source\repos\qtminiccompiler\qtminiccompiler\x64\release\qtminiccompiler.tlog\qtminiccompiler.write.1u.tlog
c:\users\95616\source\repos\qtminiccompiler\qtminiccompiler\x64\release\qtminiccompiler.tlog\rcc.read.1u.tlog
c:\users\95616\source\repos\qtminiccompiler\qtminiccompiler\x64\release\qtminiccompiler.tlog\rcc.write.1u.tlog
c:\users\95616\source\repos\qtminiccompiler\qtminiccompiler\x64\release\qtminiccompiler.tlog\uic.read.1u.tlog
c:\users\95616\source\repos\qtminiccompiler\qtminiccompiler\x64\release\qtminiccompiler.tlog\uic.write.1u.tlog
